2021-05-19 20:12:24,878 [Worker-5: Loading available Gradle versions] INFO  o.e.b.c.i.u.g.PublishedGradleVersions - Gradle version information cache is up-to-date. Trying to read.
2021-05-19 20:19:51,854 [Worker-4: Importing Maven projects] INFO  o.e.m.c.i.l.LifecycleMappingFactory - Using org.eclipse.m2e.jdt.JarLifecycleMapping lifecycle mapping for MavenProject: com.example:groupproject:0.0.1-SNAPSHOT @ C:\Users\PRODESK5\OneDrive\Desktop\MyCode\maven-mavericks\server-java-mysql\pom.xml.
2021-05-19 20:20:00,831 [Worker-4: Importing Maven projects] INFO  o.e.m.j.i.AbstractJavaProjectConfigurator - Adding source folder /server-java-mysql/src/main/java
2021-05-19 20:20:00,835 [Worker-4: Importing Maven projects] INFO  o.e.m.j.i.AbstractJavaProjectConfigurator - Adding resource folder /server-java-mysql/src/main/resources
2021-05-19 20:20:00,837 [Worker-4: Importing Maven projects] INFO  o.e.m.j.i.AbstractJavaProjectConfigurator - Adding resource folder /server-java-mysql/src/main/resources
2021-05-19 20:20:00,837 [Worker-4: Importing Maven projects] INFO  o.e.m.j.i.AbstractJavaProjectConfigurator - Adding source folder /server-java-mysql/src/test/java
2021-05-19 20:20:01,801 [Worker-4: Importing Maven projects] INFO  o.e.m.c.i.p.ProjectConfigurationManager - Imported and configured 1 project(s) in 21 sec
2021-05-19 20:20:04,619 [Worker-18: Building] INFO  o.e.m.c.i.embedder.EclipseLogger - Using 'UTF-8' encoding to copy filtered resources.
2021-05-19 20:20:04,625 [Worker-18: Building] INFO  o.e.m.c.i.embedder.EclipseLogger - Copying 1 resource
2021-05-19 20:20:04,658 [Worker-18: Building] INFO  o.e.m.c.i.embedder.EclipseLogger - Copying 0 resource
2021-05-19 20:20:04,661 [Worker-18: Building] INFO  o.e.m.c.i.embedder.EclipseLogger - Using 'UTF-8' encoding to copy filtered resources.
2021-05-19 20:20:04,662 [Worker-18: Building] INFO  o.e.m.c.i.embedder.EclipseLogger - skip non existing resourceDirectory C:\Users\PRODESK5\OneDrive\Desktop\MyCode\maven-mavericks\server-java-mysql\src\test\resources
2021-05-19 20:37:36,613 [Worker-22: Building] INFO  o.e.m.c.i.embedder.EclipseLogger - Using 'UTF-8' encoding to copy filtered resources.
2021-05-19 20:37:36,618 [Worker-22: Building] INFO  o.e.m.c.i.embedder.EclipseLogger - Copying 1 resource
2021-05-19 20:37:36,622 [Worker-22: Building] INFO  o.e.m.c.i.embedder.EclipseLogger - Copying 0 resource
2021-05-19 20:37:36,632 [Worker-22: Building] INFO  o.e.m.c.i.embedder.EclipseLogger - Using 'UTF-8' encoding to copy filtered resources.
2021-05-19 20:37:36,632 [Worker-22: Building] INFO  o.e.m.c.i.embedder.EclipseLogger - skip non existing resourceDirectory C:\Users\PRODESK5\OneDrive\Desktop\MyCode\maven-mavericks\server-java-mysql\src\test\resources
2021-05-19 20:41:30,011 [Worker-24: Building] INFO  o.e.m.c.i.embedder.EclipseLogger - Using 'UTF-8' encoding to copy filtered resources.
2021-05-19 20:41:30,013 [Worker-24: Building] INFO  o.e.m.c.i.embedder.EclipseLogger - Copying 1 resource
2021-05-19 20:41:30,185 [Worker-24: Building] INFO  o.e.m.c.i.embedder.EclipseLogger - Copying 0 resource
2021-05-19 20:41:30,188 [Worker-24: Building] INFO  o.e.m.c.i.embedder.EclipseLogger - Using 'UTF-8' encoding to copy filtered resources.
2021-05-19 20:41:30,188 [Worker-24: Building] INFO  o.e.m.c.i.embedder.EclipseLogger - skip non existing resourceDirectory C:\Users\PRODESK5\OneDrive\Desktop\MyCode\maven-mavericks\server-java-mysql\src\test\resources
2021-05-19 20:47:46,590 [Worker-27: Building] INFO  o.e.m.c.i.embedder.EclipseLogger - Using 'UTF-8' encoding to copy filtered resources.
2021-05-19 20:47:46,591 [Worker-27: Building] INFO  o.e.m.c.i.embedder.EclipseLogger - Copying 1 resource
2021-05-19 20:47:46,592 [Worker-27: Building] INFO  o.e.m.c.i.embedder.EclipseLogger - Copying 0 resource
2021-05-19 20:47:46,595 [Worker-27: Building] INFO  o.e.m.c.i.embedder.EclipseLogger - Using 'UTF-8' encoding to copy filtered resources.
2021-05-19 20:47:46,595 [Worker-27: Building] INFO  o.e.m.c.i.embedder.EclipseLogger - skip non existing resourceDirectory C:\Users\PRODESK5\OneDrive\Desktop\MyCode\maven-mavericks\server-java-mysql\src\test\resources
2021-05-19 20:48:27,321 [Worker-27: Building] INFO  o.e.m.c.i.embedder.EclipseLogger - Using 'UTF-8' encoding to copy filtered resources.
2021-05-19 20:48:27,322 [Worker-27: Building] INFO  o.e.m.c.i.embedder.EclipseLogger - Copying 1 resource
2021-05-19 20:48:27,326 [Worker-27: Building] INFO  o.e.m.c.i.embedder.EclipseLogger - Copying 0 resource
2021-05-19 20:48:27,329 [Worker-27: Building] INFO  o.e.m.c.i.embedder.EclipseLogger - Using 'UTF-8' encoding to copy filtered resources.
2021-05-19 20:48:27,330 [Worker-27: Building] INFO  o.e.m.c.i.embedder.EclipseLogger - skip non existing resourceDirectory C:\Users\PRODESK5\OneDrive\Desktop\MyCode\maven-mavericks\server-java-mysql\src\test\resources
2021-05-31 15:02:26,468 [Worker-4: Loading available Gradle versions] INFO  o.e.b.c.i.u.g.PublishedGradleVersions - Gradle version information cache is up-to-date. Trying to read.
2021-05-31 15:02:52,291 [Worker-3: Building] INFO  o.e.m.c.i.l.LifecycleMappingFactory - Using org.eclipse.m2e.jdt.JarLifecycleMapping lifecycle mapping for MavenProject: com.example:groupproject:0.0.1-SNAPSHOT @ C:\Users\PRODESK5\OneDrive\Desktop\MyCode\maven-mavericks\server-java-mysql\pom.xml.
2021-05-31 15:02:59,677 [Worker-3: Building] INFO  o.e.m.c.i.embedder.EclipseLogger - Using 'UTF-8' encoding to copy filtered resources.
2021-05-31 15:02:59,682 [Worker-3: Building] INFO  o.e.m.c.i.embedder.EclipseLogger - Copying 1 resource
2021-05-31 15:02:59,703 [Worker-3: Building] INFO  o.e.m.c.i.embedder.EclipseLogger - Copying 0 resource
2021-05-31 15:02:59,707 [Worker-3: Building] INFO  o.e.m.c.i.embedder.EclipseLogger - Using 'UTF-8' encoding to copy filtered resources.
2021-05-31 15:02:59,707 [Worker-3: Building] INFO  o.e.m.c.i.embedder.EclipseLogger - skip non existing resourceDirectory C:\Users\PRODESK5\OneDrive\Desktop\MyCode\maven-mavericks\server-java-mysql\src\test\resources
2021-05-31 15:06:18,640 [Worker-3: Building] INFO  o.e.m.c.i.embedder.EclipseLogger - Using 'UTF-8' encoding to copy filtered resources.
2021-05-31 15:06:18,643 [Worker-3: Building] INFO  o.e.m.c.i.embedder.EclipseLogger - Copying 1 resource
2021-05-31 15:06:18,647 [Worker-3: Building] INFO  o.e.m.c.i.embedder.EclipseLogger - Copying 0 resource
2021-05-31 15:06:18,650 [Worker-3: Building] INFO  o.e.m.c.i.embedder.EclipseLogger - Using 'UTF-8' encoding to copy filtered resources.
2021-05-31 15:06:18,650 [Worker-3: Building] INFO  o.e.m.c.i.embedder.EclipseLogger - skip non existing resourceDirectory C:\Users\PRODESK5\OneDrive\Desktop\MyCode\maven-mavericks\server-java-mysql\src\test\resources
2021-05-31 15:07:52,394 [Worker-3: Building] INFO  o.e.m.c.i.embedder.EclipseLogger - Using 'UTF-8' encoding to copy filtered resources.
2021-05-31 15:07:52,395 [Worker-3: Building] INFO  o.e.m.c.i.embedder.EclipseLogger - Copying 0 resource
2021-05-31 15:07:52,395 [Worker-3: Building] INFO  o.e.m.c.i.embedder.EclipseLogger - Copying 0 resource
2021-05-31 15:07:52,397 [Worker-3: Building] INFO  o.e.m.c.i.embedder.EclipseLogger - Using 'UTF-8' encoding to copy filtered resources.
2021-05-31 15:07:52,398 [Worker-3: Building] INFO  o.e.m.c.i.embedder.EclipseLogger - skip non existing resourceDirectory C:\Users\PRODESK5\OneDrive\Desktop\MyCode\maven-mavericks\server-java-mysql\src\test\resources
2021-05-31 15:09:25,063 [Worker-12: Launching server-java-mysql - GroupProjectApplication] INFO  o.e.m.c.i.l.LifecycleMappingFactory - Using org.eclipse.m2e.jdt.JarLifecycleMapping lifecycle mapping for MavenProject: com.example:groupproject:0.0.1-SNAPSHOT @ C:\Users\PRODESK5\OneDrive\Desktop\MyCode\maven-mavericks\server-java-mysql\pom.xml.
2021-05-31 15:09:26,085 [Worker-12: Launching server-java-mysql - GroupProjectApplication] INFO  o.e.m.c.i.embedder.EclipseLogger - Using 'UTF-8' encoding to copy filtered resources.
2021-05-31 15:09:26,089 [Worker-12: Launching server-java-mysql - GroupProjectApplication] INFO  o.e.m.c.i.embedder.EclipseLogger - Copying 0 resource
2021-05-31 15:09:26,090 [Worker-12: Launching server-java-mysql - GroupProjectApplication] INFO  o.e.m.c.i.embedder.EclipseLogger - Copying 0 resource
2021-05-31 15:09:26,096 [Worker-12: Launching server-java-mysql - GroupProjectApplication] INFO  o.e.m.c.i.embedder.EclipseLogger - Using 'UTF-8' encoding to copy filtered resources.
2021-05-31 15:09:26,096 [Worker-12: Launching server-java-mysql - GroupProjectApplication] INFO  o.e.m.c.i.embedder.EclipseLogger - skip non existing resourceDirectory C:\Users\PRODESK5\OneDrive\Desktop\MyCode\maven-mavericks\server-java-mysql\src\test\resources
2021-05-31 15:21:54,802 [Worker-12: Launching server-java-mysql - GroupProjectApplication] INFO  o.e.m.c.i.embedder.EclipseLogger - Using 'UTF-8' encoding to copy filtered resources.
2021-05-31 15:21:54,819 [Worker-12: Launching server-java-mysql - GroupProjectApplication] INFO  o.e.m.c.i.embedder.EclipseLogger - Copying 1 resource
2021-05-31 15:21:54,877 [Worker-12: Launching server-java-mysql - GroupProjectApplication] INFO  o.e.m.c.i.embedder.EclipseLogger - Copying 0 resource
2021-05-31 15:21:54,881 [Worker-12: Launching server-java-mysql - GroupProjectApplication] INFO  o.e.m.c.i.embedder.EclipseLogger - Using 'UTF-8' encoding to copy filtered resources.
2021-05-31 15:21:54,881 [Worker-12: Launching server-java-mysql - GroupProjectApplication] INFO  o.e.m.c.i.embedder.EclipseLogger - skip non existing resourceDirectory C:\Users\PRODESK5\OneDrive\Desktop\MyCode\maven-mavericks\server-java-mysql\src\test\resources
